<?xml version="1.0" encoding="UTF-8"?>
<!-- Generated by org.testng.reporters.JUnitXMLReporter -->
<testsuite hostname="DESKTOP-R8LNRUV" ignored="2" name="Test" tests="3" failures="1" timestamp="2022-10-18T14:54:18 SGT" time="302.953" errors="0">
  <testcase name="test_CIMBDeals_scn0001" time="62.482" classname="testCases.TestCase_Scenario_0001"/>
  <testcase name="test_CIMBDeals_scn0001_02" time="63.367" classname="testCases.TestCase_Scenario_0001_02">
    <skipped/>
  </testcase> <!-- test_CIMBDeals_scn0001_02 -->
  <testcase name="test_CIMBDeals_scn0001_02" time="26.918" classname="testCases.TestCase_Scenario_0001_02">
    <failure type="java.lang.AssertionError" message="test_CIMBDeals_scn0001_02 : Intentionally failed assertion to check snapshot captured in report expected [false] but found [true]">
      <![CDATA[java.lang.AssertionError: test_CIMBDeals_scn0001_02 : Intentionally failed assertion to check snapshot captured in report expected [false] but found [true]
at testCases.TestCase_Scenario_0001_02.test_CIMBDeals_scn0001_02(TestCase_Scenario_0001_02.java:33)
at java.util.concurrent.ThreadPoolExecutor.runWorker(ThreadPoolExecutor.java:1149)
at java.util.concurrent.ThreadPoolExecutor$Worker.run(ThreadPoolExecutor.java:624)
at java.lang.Thread.run(Thread.java:748)
... Removed 16 stack frames]]>
    </failure>
  </testcase> <!-- test_CIMBDeals_scn0001_02 -->
  <testcase name="@BeforeTest start_docker_grid" time="0.0" classname="testBase.TestBase">
    <ignored/>
  </testcase> <!-- @BeforeTest start_docker_grid -->
  <testcase name="@AfterTest stop_docker_grid" time="0.0" classname="testBase.TestBase">
    <ignored/>
  </testcase> <!-- @AfterTest stop_docker_grid -->
</testsuite> <!-- Test -->
