<?xml version="1.0" encoding="UTF-8"?>
<testng-results skipped="0" failed="1" ignored="2" retried="1" total="5" passed="1">
  <reporter-output>
  </reporter-output>
  <suite name="Suite" duration-ms="149315" started-at="2022-10-21T09:32:27 SGT" finished-at="2022-10-21T09:34:57 SGT">
    <groups>
    </groups>
    <test name="Test" duration-ms="149315" started-at="2022-10-21T09:32:27 SGT" finished-at="2022-10-21T09:34:57 SGT">
      <class name="testCases.TestCase_Scenario_0001">
        <test-method status="PASS" signature="start_docker_grid()[pri:0, instance:testCases.TestCase_Scenario_0001@6895a785]" name="start_docker_grid" is-config="true" duration-ms="9" started-at="2022-10-21T09:32:28 SGT" finished-at="2022-10-21T09:32:28 SGT">
          <reporter-output>
          </reporter-output>
        </test-method> <!-- start_docker_grid -->
        <test-method status="PASS" signature="launch_application()[pri:0, instance:testCases.TestCase_Scenario_0001@6895a785]" name="launch_application" is-config="true" duration-ms="51281" started-at="2022-10-21T09:32:28 SGT" finished-at="2022-10-21T09:33:19 SGT">
          <reporter-output>
          </reporter-output>
        </test-method> <!-- launch_application -->
        <test-method status="PASS" signature="test_CIMBDeals_scn0001()[pri:0, instance:testCases.TestCase_Scenario_0001@6895a785]" name="test_CIMBDeals_scn0001" duration-ms="34315" started-at="2022-10-21T09:33:19 SGT" finished-at="2022-10-21T09:33:53 SGT">
          <reporter-output>
          </reporter-output>
        </test-method> <!-- test_CIMBDeals_scn0001 -->
        <test-method status="PASS" signature="tear_down()[pri:0, instance:testCases.TestCase_Scenario_0001@6895a785]" name="tear_down" is-config="true" duration-ms="4017" started-at="2022-10-21T09:33:53 SGT" finished-at="2022-10-21T09:33:57 SGT">
          <reporter-output>
          </reporter-output>
        </test-method> <!-- tear_down -->
        <test-method status="PASS" signature="stop_docker_grid()[pri:0, instance:testCases.TestCase_Scenario_0001@6895a785]" name="stop_docker_grid" is-config="true" duration-ms="1" started-at="2022-10-21T09:34:57 SGT" finished-at="2022-10-21T09:34:57 SGT">
          <reporter-output>
          </reporter-output>
        </test-method> <!-- stop_docker_grid -->
      </class> <!-- testCases.TestCase_Scenario_0001 -->
      <class name="testCases.TestCase_Scenario_0001_02">
        <test-method status="PASS" signature="launch_application()[pri:0, instance:testCases.TestCase_Scenario_0001_02@184f6be2]" name="launch_application" is-config="true" duration-ms="46570" started-at="2022-10-21T09:32:28 SGT" finished-at="2022-10-21T09:33:14 SGT">
          <reporter-output>
          </reporter-output>
        </test-method> <!-- launch_application -->
        <test-method status="SKIP" signature="test_CIMBDeals_scn0001_02()[pri:0, instance:testCases.TestCase_Scenario_0001_02@184f6be2]" name="test_CIMBDeals_scn0001_02" duration-ms="38920" retried="true" started-at="2022-10-21T09:33:14 SGT" finished-at="2022-10-21T09:33:53 SGT">
          <exception class="java.lang.AssertionError">
            <message>
              <![CDATA[test_CIMBDeals_scn0001_02 : Intentionally failed assertion to check snapshot captured in report expected [false] but found [true]]]>
            </message>
            <full-stacktrace>
              <![CDATA[java.lang.AssertionError: test_CIMBDeals_scn0001_02 : Intentionally failed assertion to check snapshot captured in report expected [false] but found [true]
at org.testng.Assert.fail(Assert.java:97)
at org.testng.Assert.assertEqualsImpl(Assert.java:136)
at org.testng.Assert.assertEquals(Assert.java:118)
at org.testng.Assert.assertEquals(Assert.java:751)
at testCases.TestCase_Scenario_0001_02.test_CIMBDeals_scn0001_02(TestCase_Scenario_0001_02.java:41)
at sun.reflect.NativeMethodAccessorImpl.invoke0(Native Method)
at sun.reflect.NativeMethodAccessorImpl.invoke(NativeMethodAccessorImpl.java:62)
at sun.reflect.DelegatingMethodAccessorImpl.invoke(DelegatingMethodAccessorImpl.java:43)
at java.lang.reflect.Method.invoke(Method.java:498)
at org.testng.internal.MethodInvocationHelper.invokeMethod(MethodInvocationHelper.java:134)
at org.testng.internal.TestInvoker.invokeMethod(TestInvoker.java:597)
at org.testng.internal.TestInvoker.invokeTestMethod(TestInvoker.java:173)
at org.testng.internal.MethodRunner.runInSequence(MethodRunner.java:46)
at org.testng.internal.TestInvoker$MethodInvocationAgent.invoke(TestInvoker.java:816)
at org.testng.internal.TestInvoker.invokeTestMethods(TestInvoker.java:146)
at org.testng.internal.TestMethodWorker.invokeTestMethods(TestMethodWorker.java:146)
at org.testng.internal.TestMethodWorker.run(TestMethodWorker.java:128)
at java.util.concurrent.ThreadPoolExecutor.runWorker(ThreadPoolExecutor.java:1149)
at java.util.concurrent.ThreadPoolExecutor$Worker.run(ThreadPoolExecutor.java:624)
at java.lang.Thread.run(Thread.java:748)
]]>
            </full-stacktrace>
          </exception> <!-- java.lang.AssertionError -->
          <reporter-output>
          </reporter-output>
        </test-method> <!-- test_CIMBDeals_scn0001_02 -->
        <test-method status="PASS" signature="tear_down()[pri:0, instance:testCases.TestCase_Scenario_0001_02@184f6be2]" name="tear_down" is-config="true" duration-ms="4384" started-at="2022-10-21T09:33:53 SGT" finished-at="2022-10-21T09:33:58 SGT">
          <reporter-output>
          </reporter-output>
        </test-method> <!-- tear_down -->
        <test-method status="PASS" signature="launch_application()[pri:0, instance:testCases.TestCase_Scenario_0001_02@184f6be2]" name="launch_application" is-config="true" duration-ms="34051" started-at="2022-10-21T09:33:58 SGT" finished-at="2022-10-21T09:34:32 SGT">
          <reporter-output>
          </reporter-output>
        </test-method> <!-- launch_application -->
        <test-method status="FAIL" signature="test_CIMBDeals_scn0001_02()[pri:0, instance:testCases.TestCase_Scenario_0001_02@184f6be2]" name="test_CIMBDeals_scn0001_02" duration-ms="23585" started-at="2022-10-21T09:34:32 SGT" finished-at="2022-10-21T09:34:55 SGT">
          <exception class="java.lang.AssertionError">
            <message>
              <![CDATA[test_CIMBDeals_scn0001_02 : Intentionally failed assertion to check snapshot captured in report expected [false] but found [true]]]>
            </message>
            <full-stacktrace>
              <![CDATA[java.lang.AssertionError: test_CIMBDeals_scn0001_02 : Intentionally failed assertion to check snapshot captured in report expected [false] but found [true]
at org.testng.Assert.fail(Assert.java:97)
at org.testng.Assert.assertEqualsImpl(Assert.java:136)
at org.testng.Assert.assertEquals(Assert.java:118)
at org.testng.Assert.assertEquals(Assert.java:751)
at testCases.TestCase_Scenario_0001_02.test_CIMBDeals_scn0001_02(TestCase_Scenario_0001_02.java:41)
at sun.reflect.NativeMethodAccessorImpl.invoke0(Native Method)
at sun.reflect.NativeMethodAccessorImpl.invoke(NativeMethodAccessorImpl.java:62)
at sun.reflect.DelegatingMethodAccessorImpl.invoke(DelegatingMethodAccessorImpl.java:43)
at java.lang.reflect.Method.invoke(Method.java:498)
at org.testng.internal.MethodInvocationHelper.invokeMethod(MethodInvocationHelper.java:134)
at org.testng.internal.TestInvoker.invokeMethod(TestInvoker.java:597)
at org.testng.internal.TestInvoker.retryFailed(TestInvoker.java:213)
at org.testng.internal.MethodRunner.runInSequence(MethodRunner.java:58)
at org.testng.internal.TestInvoker$MethodInvocationAgent.invoke(TestInvoker.java:816)
at org.testng.internal.TestInvoker.invokeTestMethods(TestInvoker.java:146)
at org.testng.internal.TestMethodWorker.invokeTestMethods(TestMethodWorker.java:146)
at org.testng.internal.TestMethodWorker.run(TestMethodWorker.java:128)
at java.util.concurrent.ThreadPoolExecutor.runWorker(ThreadPoolExecutor.java:1149)
at java.util.concurrent.ThreadPoolExecutor$Worker.run(ThreadPoolExecutor.java:624)
at java.lang.Thread.run(Thread.java:748)
]]>
            </full-stacktrace>
          </exception> <!-- java.lang.AssertionError -->
          <reporter-output>
          </reporter-output>
        </test-method> <!-- test_CIMBDeals_scn0001_02 -->
        <test-method status="PASS" signature="tear_down()[pri:0, instance:testCases.TestCase_Scenario_0001_02@184f6be2]" name="tear_down" is-config="true" duration-ms="871" started-at="2022-10-21T09:34:56 SGT" finished-at="2022-10-21T09:34:57 SGT">
          <reporter-output>
          </reporter-output>
        </test-method> <!-- tear_down -->
      </class> <!-- testCases.TestCase_Scenario_0001_02 -->
    </test> <!-- Test -->
  </suite> <!-- Suite -->
</testng-results>
